
 +++++++++++++++++++++++++++++++++++++++++++++++++++++++++++++++++++
 +  SHELXL -  CRYSTAL STRUCTURE REFINEMENT  -   MULTI-CPU VERSION  +
 +  Copyright(C) George M. Sheldrick 1993-2014     Version 2014/2  +
 +  p21c                       started at 21:57:13 on 19-Mar-2014  +
 +++++++++++++++++++++++++++++++++++++++++++++++++++++++++++++++++++

 Command line parameters: p21c -a50000 -b1250 -c624 -t2

 -a sets the approximate maximum number of atoms including hydrogens.
 -b sets the maximum number of full-matrix parameters (leave unchanged for
 CGLS). For example -b9000 allows refinement of 1000 anisotropic atoms or
 3000 with BLOC 1. For a 32-bit version, -b times the square root of the
 number of threads should not exceed about 65500. -c sets the reflection
 buffer size. This depends on the CPU cache size but will rarely need
 changing. -t sets the number of threads, otherwise the multi-CPU version
 sets this equal to the number of available CPUs. For optimal performance
 on systems with hyperthreading, usually the hyperthreading should be
 switched off or -t used to halve the number of threads; e.g. -t4 rather
 than -t8 for an Intel i7 processor.

 Running  2 threads on  2 processors

 TITL p21c in P2(1)/c
 CELL 0.71073 10.5086 20.9035 20.5072 90 94.13 90
 ZERR 4 0.0003 0.0005 0.0005 0 0.001 0
 LATT 1
 SYMM -X,0.5+Y,0.5-Z
 SFAC  C  H  O  F  Al  Ga
 UNIT  1  1  1  1  1  1

 V =     4493.05     F(000) =      68.0     Mu =   0.15 mm-1      Cell Wt =      144.72    Rho =  0.053

 LIST 6 ! automatically inserted. Change 6 to 4 for CHECKCIF!!
  
 L.S.  0
 PLAN  20
 TEMP -173.18
 BOND $H
 fmap 2
  
 WGHT    0.049400    0.393100
  
 FVAR  0.0847    0.4834    0.5559
  
  The following is from DSR:
 FRAG  17  1  1  1  90  90  90
 C1    1     0.000000     1.400530     1.243880
 C2    1     0.000000     0.707569     2.430888
 C3    1     0.000000    -0.707569     2.430888
 C4    1     0.000000    -1.400530     1.243880
 C4a    1     0.000000    -0.715982     0.000000
 C5    1     0.000000    -1.400530    -1.243880
 C6    1     0.000000    -0.707569    -2.430888
 C7    1     0.000000     0.707569    -2.430888
 C8    1     0.000000     1.400530    -1.243880
 C8a    1     0.000000     0.715982     0.000000
 FEND
  
 GA1   6    0.639418   0.561703   0.237772  11.00000   0.02258   0.02440 =
       0.02432   0.00008  -0.00145   0.00127
 AL1   5    0.064158   0.260145   0.478645  11.00000   0.01537   0.01791 =
       0.01248   0.00026  -0.00269   0.00132
 O1    3    0.120080   0.336659   0.494426  11.00000   0.01445   0.02176 =
       0.02347  -0.00009  -0.00214  -0.00291
 O2    3   -0.097841   0.261274   0.489484  11.00000   0.01763   0.02418 =
       0.01555  -0.00406   0.00248   0.00104
 F10   4   -0.362398   0.278516   0.447770  11.00000   0.02302   0.04023 =
       0.02897   0.00131  -0.01216   0.00374
 F11   4   -0.404458   0.257464   0.546968  11.00000   0.01762   0.05015 =
       0.03179  -0.00160   0.00590  -0.00354
 F12   4   -0.301403   0.189114   0.492650  11.00000   0.02542   0.02124 =
       0.04111  -0.00397  -0.00273  -0.00460
 F13   4   -0.175472   0.202321   0.610260  11.00000   0.03904   0.03977 =
       0.03003   0.01650   0.00263   0.00387
 F14   4   -0.031112   0.275566   0.616775  11.00000   0.02552   0.05113 =
       0.02260  -0.00420  -0.00727   0.00468
 F15   4   -0.222817   0.296838   0.641346  11.00000   0.03175   0.06390 =
       0.01794  -0.00770   0.00409   0.01074
 F16   4   -0.313803   0.377149   0.540550  11.00000   0.02245   0.03301 =
       0.04168  -0.00621   0.00099   0.00914
 F17   4   -0.189167   0.376459   0.461529  11.00000   0.04719   0.02557 =
       0.03265   0.00720   0.00266   0.00222
 F18   4   -0.110636   0.386539   0.560147  11.00000   0.02804   0.02847 =
       0.04540  -0.01592  -0.00126  -0.00172
 C5    1   -0.186843   0.282708   0.526803  11.00000   0.01701   0.01847 =
       0.01798   0.00022  -0.00212  -0.00417
 C6    1   -0.316216   0.251064   0.503877  11.00000   0.02382   0.03163 =
       0.02487   0.00288  -0.00174   0.00015
 C7    1   -0.155278   0.264593   0.600644  11.00000   0.02003   0.03844 =
       0.02341  -0.00570  -0.00223   0.00368
 C8    1   -0.200650   0.357301   0.522420  11.00000   0.02037   0.03111 =
       0.02907  -0.00643  -0.00278   0.00165
 C1    1    0.223789   0.375512   0.504147  11.00000   0.01922   0.02446 =
       0.01675  -0.00034  -0.00606   0.00209
 C2    1    0.324256   0.359363   0.456165  11.00000   0.01865   0.02847 =
       0.03315   0.00171   0.00208  -0.00016
 F1    4    0.290860   0.379953   0.395614  11.00000   0.03767   0.04288 =
       0.02398   0.00162   0.00874  -0.00142
 F2    4    0.342682   0.296329   0.451511  11.00000   0.02300   0.02615 =
       0.05130  -0.01040   0.00470   0.00386
 F3    4    0.439198   0.385328   0.473759  11.00000   0.01729   0.04404 =
       0.05057  -0.00420   0.00175  -0.00678
 C3    1    0.180032   0.444507   0.492855  11.00000   0.02563   0.02125 =
       0.02837   0.00266   0.00070  -0.00523
 F4    4    0.100759   0.449528   0.438703  11.00000   0.03898   0.03388 =
       0.03322   0.00908  -0.00968   0.00768
 F5    4    0.116221   0.466033   0.542783  11.00000   0.03319   0.02567 =
       0.03803  -0.00809   0.00266   0.00136
 F6    4    0.276593   0.484828   0.485871  11.00000   0.02781   0.02726 =
       0.04871   0.00319   0.00259  -0.00680
 C4    1    0.281319   0.368769   0.575106  11.00000   0.02786   0.03396 =
       0.02473  -0.00516  -0.00826  -0.00253
 F7    4    0.358359   0.417667   0.594043  11.00000   0.03351   0.03715 =
       0.03469  -0.00423  -0.01418  -0.01030
 F8    4    0.352077   0.314955   0.582945  11.00000   0.03615   0.03269 =
       0.04176   0.00669  -0.02389   0.00497
 F9    4    0.191896   0.365437   0.617058  11.00000   0.04052   0.05331 =
       0.01801   0.00126   0.00065  -0.01022
 C34   1    0.369916   0.548581   0.213715  11.00000   0.02056   0.02385 =
       0.03115  -0.00483  -0.00132  -0.00159
 AFIX  43
 H34   2    0.341320   0.506152   0.204792  11.00000  -1.20000
 AFIX   0
 C33   1    0.380809   0.569642   0.277486  11.00000   0.01555   0.03193 =
       0.02070  -0.00127  -0.00368   0.00481
 C32   1    0.425895   0.630971   0.290285  11.00000   0.01698   0.03346 =
       0.02421  -0.00848  -0.00087   0.00502
 AFIX  43
 H32   2    0.437203   0.645007   0.334382  11.00000  -1.20000
 AFIX   0
 C35   1    0.399926   0.588094   0.161257  11.00000   0.01897   0.02882 =
       0.01756  -0.00178  -0.00575   0.00263
 C30   1    0.443959   0.649581   0.176207  11.00000   0.01984   0.02394 =
       0.02167   0.00432  -0.00109   0.00413
 AFIX  43
 H30   2    0.467137   0.676799   0.141906  11.00000  -1.20000
 AFIX   0
 C36   1    0.385894   0.565447   0.092123  11.00000   0.05037   0.03031 =
       0.02353   0.00318  -0.00502   0.00546
 AFIX 137
 H36A  2    0.302629   0.578740   0.072050  11.00000  -1.50000
 H36B  2    0.392121   0.518683   0.091168  11.00000  -1.50000
 H36C  2    0.453714   0.584040   0.067737  11.00000  -1.50000
 AFIX   0
 C31   1    0.454920   0.672343   0.241043  11.00000   0.01482   0.02767 =
       0.03155  -0.00377  -0.00368   0.00311
 C37   1    0.341537   0.527543   0.332385  11.00000   0.02457   0.04511 =
       0.03136   0.00233   0.00174  -0.00756
 AFIX 137
 H37A  2    0.412649   0.523707   0.365790  11.00000  -1.50000
 H37B  2    0.318565   0.485031   0.315165  11.00000  -1.50000
 H37C  2    0.267904   0.546563   0.351838  11.00000  -1.50000
 AFIX   0
 C38   1    0.493624   0.740392   0.255361  11.00000   0.03899   0.02492 =
       0.04233  -0.00684   0.00093  -0.00388
 AFIX 137
 H38A  2    0.521416   0.760369   0.215554  11.00000  -1.50000
 H38B  2    0.563915   0.741106   0.289459  11.00000  -1.50000
 H38C  2    0.420783   0.764083   0.270407  11.00000  -1.50000
 AFIX   0
  
 C21   1    0.721483   0.447407   0.167507  11.00000   0.02925   0.02416 =
       0.02757   0.00048  -0.00135   0.01034
 C20   1    0.838817   0.474526   0.190081  11.00000   0.02664   0.02750 =
       0.02625   0.00135   0.00685   0.00578
 AFIX  43
 H20   2    0.894436   0.490518   0.159388  11.00000  -1.20000
 AFIX   0
 C23   1    0.674054   0.430194   0.280727  11.00000   0.02406   0.01783 =
       0.03400   0.00389   0.00453   0.00367
 C25   1    0.875251   0.478410   0.256955  11.00000   0.02154   0.02507 =
       0.03766   0.00476  -0.01051   0.00493
 C22   1    0.641561   0.425245   0.213299  11.00000   0.02446   0.01826 =
       0.03459  -0.00035  -0.00290  -0.00150
 AFIX  43
 H22   2    0.562540   0.406158   0.198707  11.00000  -1.20000
 AFIX   0
 C28   1    0.685281   0.443804   0.095051  11.00000   0.05870   0.03446 =
       0.02786  -0.01108  -0.00364   0.00426
 AFIX 137
 H28A  2    0.660251   0.486376   0.078734  11.00000  -1.50000
 H28B  2    0.758414   0.428565   0.072348  11.00000  -1.50000
 H28C  2    0.613667   0.414131   0.087012  11.00000  -1.50000
 AFIX   0
 C27   1    0.588465   0.401681   0.329036  11.00000   0.04007   0.04636 =
       0.03676   0.00855   0.00751  -0.00170
 AFIX 137
 H27A  2    0.572754   0.433445   0.362675  11.00000  -1.50000
 H27B  2    0.507193   0.389054   0.306222  11.00000  -1.50000
 H27C  2    0.629824   0.364014   0.349607  11.00000  -1.50000
 AFIX   0
 C24   1    0.789290   0.456520   0.301616  11.00000   0.03898   0.02307 =
       0.02337   0.00026  -0.00678   0.01112
 AFIX  43
 H24   2    0.811661   0.460079   0.347187  11.00000  -1.20000
 AFIX   0
 C26   1    1.004216   0.505479   0.281521  11.00000   0.02767   0.05745 =
       0.05216   0.00998  -0.01135  -0.00116
 AFIX 137
 H26A  2    1.041881   0.528399   0.245934  11.00000  -1.50000
 H26B  2    0.993052   0.535037   0.317761  11.00000  -1.50000
 H26C  2    1.060828   0.470447   0.296699  11.00000  -1.50000
 AFIX   0
  
 SAME_CF3 O1 > F9
 SIMU_CF3 O1 > F9
 RIGU_CF3 O1 > F9
 EADP O1_1 O1_2
 EADP C1_1 C1_2
 SADI Al1_0 O1_1 Al1_0 O1_2
 SADI Al1_0 C1_1 Al1_0 C1_2
 RESI 1 CF3
 SAME_0 O1 C1 > F9
 PART 1 21
 O1    3    0.156692   0.209642   0.530001  21.00000   0.02315   0.02219 =
       0.01893   0.00227  -0.00526   0.00515
 C1    1    0.197695   0.149686   0.544131  21.00000   0.02311   0.01933 =
       0.02257   0.00291  -0.00585   0.00520
 C2    1    0.282991   0.125315   0.491233  21.00000   0.03936   0.03109 =
       0.02323   0.00341  -0.00131   0.01347
 F1    4    0.360748   0.075978   0.512602  21.00000   0.03664   0.03565 =
       0.03483   0.00716   0.00383   0.01729
 F2    4    0.359755   0.171939   0.471788  21.00000   0.04109   0.03438 =
       0.03281  -0.00015   0.01321   0.01417
 F3    4    0.210835   0.104067   0.437922  21.00000   0.07243   0.03058 =
       0.03216  -0.01057  -0.01708   0.03014
 C3    1    0.086991   0.103824   0.549299  21.00000   0.02692   0.03316 =
       0.05474   0.01002  -0.00086   0.00109
 F4    4    0.120410   0.041250   0.544284  21.00000   0.03266   0.03244 =
       0.07659   0.01314   0.00589  -0.00254
 F5    4   -0.004747   0.113714   0.499154  21.00000   0.02871   0.04631 =
       0.06699  -0.00018  -0.00756   0.00283
 F6    4    0.032053   0.111727   0.606598  21.00000   0.04342   0.04534 =
       0.06816   0.01912   0.01300   0.00142
 C4    1    0.278833   0.152099   0.609841  21.00000   0.02997   0.02802 =
       0.02149   0.00544  -0.00704   0.00570
 F7    4    0.217441   0.187353   0.652825  21.00000   0.03887   0.04131 =
       0.02281   0.00659  -0.00204   0.00654
 F8    4    0.297811   0.093412   0.637836  21.00000   0.05603   0.03390 =
       0.03278   0.01228  -0.01698   0.00691
 F9    4    0.395366   0.177026   0.601546  21.00000   0.03231   0.03248 =
       0.03649  -0.00522  -0.01212   0.00157
 PART 0
 RESI 0
  
 SADI_CF3 C1 C2 C1 C3 C1 C4
 SADI_CF3 0.04 C2 C3 C3 C4 C2 C4
 SADI_CF3 0.04 O1 C2 O1 C3 O1 C4
 SADI_CF3 F1 C2 F2 C2 F3 C2 F4 C3 F5 C3 F6 C3 F7 C4 F8 C4 F9 C4
 SADI_CF3 0.04 F1 F2 F2 F3 F3 F1 F4 F5 F5 F6 F6 F4 F7 F8 F8 F9 F9 F7
 SIMU_CF3 O1 > F9
 RIGU_CF3 O1 > F9
 RESI 2 CF3
 PART 2 -21
 O1    3    0.141262   0.206411   0.531112 -21.00000   0.02315   0.02219 =
       0.01893   0.00227  -0.00526   0.00515
 C1    1    0.182745   0.146882   0.545975 -21.00000   0.02311   0.01933 =
       0.02257   0.00291  -0.00585   0.00520
 C2    1    0.194314   0.140728   0.620449 -21.00000   0.03539   0.02727 =
       0.02418   0.00626  -0.00603   0.00371
 F1    4    0.248885   0.193042   0.648981 -21.00000   0.03421   0.03769 =
       0.02737  -0.00162  -0.00707  -0.00212
 F2    4    0.268546   0.090152   0.640921 -21.00000   0.06828   0.04850 =
       0.03951   0.01276  -0.01499   0.02865
 F3    4    0.077806   0.131702   0.642542 -21.00000   0.04861   0.03928 =
       0.03614   0.01004   0.00868   0.00702
 C3    1    0.092355   0.095547   0.516890 -21.00000   0.02349   0.02815 =
       0.03557  -0.00535  -0.00249   0.00149
 F4    4    0.107239   0.085328   0.452065 -21.00000   0.04983   0.03613 =
       0.03726  -0.01219  -0.00496   0.00697
 F5    4   -0.030716   0.113462   0.521229 -21.00000   0.01707   0.03098 =
       0.04642  -0.00543   0.00071  -0.00653
 F6    4    0.106260   0.039107   0.548815 -21.00000   0.04343   0.02531 =
       0.05668   0.00120  -0.00679  -0.00388
 C4    1    0.315435   0.136991   0.519595 -21.00000   0.02908   0.02511 =
       0.04335   0.00882   0.00305   0.00556
 F7    4    0.318888   0.156870   0.456884 -21.00000   0.03583   0.03737 =
       0.04032   0.00961   0.01410   0.00673
 F8    4    0.349210   0.073474   0.519443 -21.00000   0.03106   0.02965 =
       0.05797   0.00796   0.00788   0.01227
 F9    4    0.407448   0.168441   0.556509 -21.00000   0.02708   0.03805 =
       0.08282  -0.00281  -0.00569   0.00280
 PART 0
 RESI 0
  
 RESI 3 CF3
 SIMU O1_3 > F9_3
 PART 1 31
 O1    3    0.081800   0.235411   0.399962  11.00000   0.02269
 C1    1    0.033372   0.232537   0.337248  11.00000   0.02263
 C2    1    0.146121   0.230044   0.293483  11.00000   0.07563
 F1    4    0.113536   0.207456   0.233219  11.00000   0.04423
 F2    4    0.245556   0.200608   0.318034  11.00000   0.04443
 F3    4    0.177383   0.298455   0.290893  11.00000   0.0659
 C3    1   -0.047007   0.289792   0.317142  11.00000   0.06657
 F4    4   -0.015523   0.342850   0.348530  11.00000   0.04231
 F5    4   -0.064007   0.300531   0.253531  11.00000   0.03919
 F6    4   -0.174400   0.269329   0.340816  11.00000   0.06549
 C4    1   -0.042812   0.170935   0.325702  11.00000   0.06900
 F7    4   -0.111534   0.156135   0.374179  11.00000   0.04207
 F8    4   -0.120582   0.172784   0.270319  11.00000   0.05058
 F9    4    0.058836   0.122805   0.319484  11.00000   0.06663
 RESI 0
 PART 0
  
  
 rem the following was inserted by DSR:
 SIMU_NAPH C1 > C8A
 RIGU_NAPH C1 > C8A
 RESI 4 NAPH
 PART 3 -31
 AFIX 179
 C1    1     0            0            0           11.000    0.04
 C2    1     0            0            0           11.000    0.04
 C3    1     0            0            0           11.000    0.04
 C4    1     0            0            0           11.000    0.04
 C4A    1     0            0            0           11.000    0.04
 C5    1     0            0            0           11.000    0.04
 C6    1     0.122500     0.190800     0.297100    11.000    0.04
 C7    1    -0.109100     0.204000     0.333000    11.000    0.04
 C8    1     0.024600     0.306100     0.306300    11.000    0.04
 C8A    1     0            0            0           11.000    0.04
 AFIX 0
 PART 0
 RESI 0
 rem End of DSR entry
  
 rem rem dsr put naphthalene with c8 c6 c7 on q6 Q4 q7 resi PART 3 occ -31 =
 rem dfix
  
  
 HKLF 4

 ** Atom C6   deviates by   0.521 Angstroms on fitting group starting C1  


 ** Atom C7   deviates by   1.048 Angstroms on fitting group starting C1  


 ** Atom C8   deviates by   0.549 Angstroms on fitting group starting C1  



 Covalent radii and connectivity table for  p21c in P2(1)/c                                                            
 C    0.770
 H    0.320
 O    0.660
 F    0.640
 AL   1.250
 GA   1.260

 Ga1 - no bonds found
 Al1 - O1_3a O1_2b O1 O2 O1_1a
 O1 - C1 Al1
 O2 - C5 Al1
 F10 - C6
 F11 - C6
 F12 - C6
 F13 - C7
 F14 - C7
 F15 - C7
 F16 - C8
 F17 - C8
 F18 - C8
 C5 - O2 C6 C8 C7
 C6 - F12 F11 F10 C5
 C7 - F15 F13 F14 C5
 C8 - F17 F18 F16 C5
 C1 - O1 C3 C2 C4
 C2 - F2 F1 F3 C1
 F1 - C2
 F2 - C2
 F3 - C2
 C3 - F6 F5 F4 C1
 F4 - C3
 F5 - C3
 F6 - C3
 C4 - F9 F7 F8 C1
 F7 - C4
 F8 - C4
 F9 - C4
 C34 - C33 C35
 C33 - C34 C32 C37
 C32 - C31 C33
 C35 - C30 C34 C36
 C30 - C35 C31
 C36 - C35
 C31 - C32 C30 C38
 C37 - C33
 C38 - C31
 C21 - C22 C20 C28
 C20 - C25 C21
 C23 - C24 C22 C27
 C25 - C20 C24 C26
 C22 - C21 C23
 C28 - C21
 C27 - C23
 C24 - C23 C25
 C26 - C25
 O1_1a - C1_1a Al1
 C1_1a - O1_1a C3_1a C2_1a C4_1a
 C2_1a - F2_1a F3_1a F1_1a C1_1a
 F1_1a - C2_1a
 F2_1a - C2_1a
 F3_1a - C2_1a
 C3_1a - F6_1a F4_1a F5_1a C1_1a
 F4_1a - C3_1a
 F5_1a - C3_1a
 F6_1a - C3_1a
 C4_1a - F7_1a F9_1a F8_1a C1_1a
 F7_1a - C4_1a
 F8_1a - C4_1a
 F9_1a - C4_1a
 O1_2b - C1_2b Al1
 C1_2b - O1_2b C3_2b C2_2b C4_2b
 C2_2b - F1_2b F3_2b F2_2b C1_2b
 F1_2b - C2_2b
 F2_2b - C2_2b
 F3_2b - C2_2b
 C3_2b - F6_2b F5_2b F4_2b C1_2b
 F4_2b - C3_2b
 F5_2b - C3_2b
 F6_2b - C3_2b
 C4_2b - F7_2b F9_2b F8_2b C1_2b
 F7_2b - C4_2b
 F8_2b - C4_2b
 F9_2b - C4_2b
 O1_3a - C1_3a Al1
 C1_3a - O1_3a C3_3a C4_3a C2_3a
 C2_3a - F2_3a F1_3a F3_3a C1_3a
 F1_3a - C2_3a
 F2_3a - C2_3a
 F3_3a - C2_3a
 C3_3a - F4_3a F5_3a C1_3a F6_3a
 F4_3a - C3_3a
 F5_3a - C3_3a
 F6_3a - C3_3a
 C4_3a - F7_3a F8_3a F9_3a C1_3a
 F7_3a - C4_3a
 F8_3a - C4_3a
 F9_3a - C4_3a
 C1_4c - C2_4c C8A_4c
 C2_4c - C1_4c C3_4c
 C3_4c - C4_4c C2_4c
 C4_4c - C3_4c C4A_4c
 C4A_4c - C5_4c C4_4c C8A_4c
 C5_4c - C6_4c C4A_4c
 C6_4c - C5_4c C7_4c
 C7_4c - C8_4c C6_4c
 C8_4c - C7_4c C8A_4c
 C8A_4c - C8_4c C1_4c C4A_4c


   h   k   l       Fo^2      Sigma      Why rejected

   0   7   0        1.55      0.30     observed but should be systematically absent
  -3   0   3        1.36      0.31     observed but should be systematically absent
   0   0   7        2.62      0.43     observed but should be systematically absent
   0   0  13        2.61      0.56     observed but should be systematically absent


   42975  Reflections read, of which   730  rejected

 -13 =< h =<  8,    -25 =< k =< 27,    -27 =< l =< 26,   Max. 2-theta =   56.24

       4  Systematic absence violations

       0  Inconsistent equivalents

   10786  Unique reflections, of which      0  suppressed

 R(int) = 0.0504     R(sigma) = 0.0585      Friedel opposites merged

 Maximum memory for data reduction =     7071 /   106768



 Default effective X-H and X-D distances for T = -173.2C 
 AFIX m =    1     2     3     4   4[N]  3[N]  15[B]  8[O]   9   9[N]   16
 d(X-H) =  1.00  0.99  0.98  0.95  0.88  0.91  1.12  0.84  0.95  0.88  0.95

 Note that these distances are chosen to give the best fit to the X-ray data
 and so avoid the introduction of systematic error.  The true internuclear
 distances are longer and do not vary with temperature!  The apparent
 variation with temperature is caused by libration.


   ** Cell contents from UNIT instruction and atom list do not agree **


 Unit-cell contents from UNIT instruction and atom list resp.

 C         1.00    146.66
 H         1.00     96.00
 O         1.00     14.22
 F         1.00    128.01
 AL        1.00      4.00
 GA        1.00      4.00



 Idealized hydrogen atom generation before cycle   1

 Name     x       y       z    AFIX  d(X-H)  shift  Bonded to  Conformation determined by

 H34   0.3413  0.5062  0.2048   43   0.950   0.000   C34             C33  C35  
 H32   0.4372  0.6450  0.3344   43   0.950   0.000   C32             C31  C33  
 H30   0.4671  0.6768  0.1419   43   0.950   0.000   C30             C35  C31  
 H36A  0.3026  0.5787  0.0721  137   0.980   0.000   C36             C35  H36A  
 H36B  0.3921  0.5187  0.0912  137   0.980   0.000   C36             C35  H36A  
 H36C  0.4537  0.5840  0.0677  137   0.980   0.000   C36             C35  H36A  
 H37A  0.4126  0.5237  0.3658  137   0.980   0.000   C37             C33  H37A  
 H37B  0.3186  0.4850  0.3152  137   0.980   0.000   C37             C33  H37A  
 H37C  0.2679  0.5466  0.3518  137   0.980   0.000   C37             C33  H37A  
 H38A  0.5214  0.7604  0.2156  137   0.980   0.000   C38             C31  H38A  
 H38B  0.5639  0.7411  0.2895  137   0.980   0.000   C38             C31  H38A  
 H38C  0.4208  0.7641  0.2704  137   0.980   0.000   C38             C31  H38A  
 H20   0.8944  0.4905  0.1594   43   0.950   0.000   C20             C25  C21  
 H22   0.5625  0.4062  0.1987   43   0.950   0.000   C22             C21  C23  
 H28A  0.6603  0.4864  0.0787  137   0.980   0.000   C28             C21  H28A  
 H28B  0.6137  0.4141  0.0870  137   0.980   1.600   C28             C21  H28A  
 H28C  0.7584  0.4286  0.0723  137   0.980   1.600   C28             C21  H28A  
 H27A  0.5728  0.4334  0.3627  137   0.980   0.000   C27             C23  H27A  
 H27B  0.6298  0.3640  0.3496  137   0.980   1.600   C27             C23  H27A  
 H27C  0.5072  0.3891  0.3062  137   0.980   1.600   C27             C23  H27A  
 H24   0.8117  0.4601  0.3472   43   0.950   0.000   C24             C23  C25  
 H26A  1.0419  0.5284  0.2459  137   0.980   0.000   C26             C25  H26A  
 H26B  1.0608  0.4704  0.2967  137   0.980   1.600   C26             C25  H26A  
 H26C  0.9931  0.5350  0.3178  137   0.980   1.600   C26             C25  H26A  



  p21c in P2(1)/c                                                            

 ATOM           x         y         z          sof         U11       U22       U33       U23       U13       U12        Ueq

 Ga1         0.63942   0.56170   0.23777     1.00000     0.02258   0.02440   0.02432   0.00008  -0.00145   0.00127    0.02392
 Al1         0.06416   0.26015   0.47864     1.00000     0.01537   0.01791   0.01248   0.00026  -0.00269   0.00132    0.01543
 O1          0.12008   0.33666   0.49443     1.00000     0.01445   0.02176   0.02347  -0.00009  -0.00214  -0.00291    0.02006
 O2         -0.09784   0.26127   0.48948     1.00000     0.01763   0.02418   0.01555  -0.00406   0.00248   0.00104    0.01906
 F10        -0.36240   0.27852   0.44777     1.00000     0.02302   0.04023   0.02897   0.00131  -0.01216   0.00374    0.03142
 F11        -0.40446   0.25746   0.54697     1.00000     0.01762   0.05015   0.03179  -0.00160   0.00590  -0.00354    0.03299
 F12        -0.30140   0.18911   0.49265     1.00000     0.02542   0.02124   0.04111  -0.00397  -0.00273  -0.00460    0.02950
 F13        -0.17547   0.20232   0.61026     1.00000     0.03904   0.03977   0.03003   0.01650   0.00263   0.00387    0.03627
 F14        -0.03111   0.27557   0.61677     1.00000     0.02552   0.05113   0.02260  -0.00420  -0.00727   0.00468    0.03352
 F15        -0.22282   0.29684   0.64135     1.00000     0.03175   0.06390   0.01794  -0.00770   0.00409   0.01074    0.03775
 F16        -0.31380   0.37715   0.54055     1.00000     0.02245   0.03301   0.04168  -0.00621   0.00099   0.00914    0.03244
 F17        -0.18917   0.37646   0.46153     1.00000     0.04719   0.02557   0.03265   0.00720   0.00266   0.00222    0.03515
 F18        -0.11064   0.38654   0.56015     1.00000     0.02804   0.02847   0.04540  -0.01592  -0.00126  -0.00172    0.03416
 C5         -0.18684   0.28271   0.52680     1.00000     0.01701   0.01847   0.01798   0.00022  -0.00212  -0.00417    0.01798
 C6         -0.31622   0.25106   0.50388     1.00000     0.02382   0.03163   0.02487   0.00288  -0.00174   0.00015    0.02694
 C7         -0.15528   0.26459   0.60064     1.00000     0.02003   0.03844   0.02341  -0.00570  -0.00223   0.00368    0.02748
 C8         -0.20065   0.35730   0.52242     1.00000     0.02037   0.03111   0.02907  -0.00643  -0.00278   0.00165    0.02707
 C1          0.22379   0.37551   0.50415     1.00000     0.01922   0.02446   0.01675  -0.00034  -0.00606   0.00209    0.02050
 C2          0.32426   0.35936   0.45617     1.00000     0.01865   0.02847   0.03315   0.00171   0.00208  -0.00016    0.02675
 F1          0.29086   0.37995   0.39561     1.00000     0.03767   0.04288   0.02398   0.00162   0.00874  -0.00142    0.03453
 F2          0.34268   0.29633   0.45151     1.00000     0.02300   0.02615   0.05130  -0.01040   0.00470   0.00386    0.03339
 F3          0.43920   0.38533   0.47376     1.00000     0.01729   0.04404   0.05057  -0.00420   0.00175  -0.00678    0.03733
 C3          0.18003   0.44451   0.49286     1.00000     0.02563   0.02125   0.02837   0.00266   0.00070  -0.00523    0.02514
 F4          0.10076   0.44953   0.43870     1.00000     0.03898   0.03388   0.03322   0.00908  -0.00968   0.00768    0.03595
 F5          0.11622   0.46603   0.54278     1.00000     0.03319   0.02567   0.03803  -0.00809   0.00266   0.00136    0.03229
 F6          0.27659   0.48483   0.48587     1.00000     0.02781   0.02726   0.04871   0.00319   0.00259  -0.00680    0.03460
 C4          0.28132   0.36877   0.57511     1.00000     0.02786   0.03396   0.02473  -0.00516  -0.00826  -0.00253    0.02934
 F7          0.35836   0.41767   0.59404     1.00000     0.03351   0.03715   0.03469  -0.00423  -0.01418  -0.01030    0.03592
 F8          0.35208   0.31496   0.58294     1.00000     0.03615   0.03269   0.04176   0.00669  -0.02389   0.00497    0.03816
 F9          0.19190   0.36544   0.61706     1.00000     0.04052   0.05331   0.01801   0.00126   0.00065  -0.01022    0.03735
 C34         0.36992   0.54858   0.21372     1.00000     0.02056   0.02385   0.03115  -0.00483  -0.00132  -0.00159    0.02534
 H34         0.34132   0.50615   0.20479     1.00000     0.03041
 C33         0.38081   0.56964   0.27749     1.00000     0.01555   0.03193   0.02070  -0.00127  -0.00368   0.00481    0.02297
 C32         0.42590   0.63097   0.29029     1.00000     0.01698   0.03346   0.02421  -0.00848  -0.00087   0.00502    0.02500
 H32         0.43720   0.64501   0.33438     1.00000     0.03000
 C35         0.39993   0.58809   0.16126     1.00000     0.01897   0.02882   0.01756  -0.00178  -0.00575   0.00263    0.02212
 C30         0.44396   0.64958   0.17621     1.00000     0.01984   0.02394   0.02167   0.00432  -0.00109   0.00413    0.02194
 H30         0.46714   0.67680   0.14191     1.00000     0.02633
 C36         0.38589   0.56545   0.09212     1.00000     0.05037   0.03031   0.02353   0.00318  -0.00502   0.00546    0.03511
 H36A        0.30263   0.57874   0.07205     1.00000     0.05266
 H36B        0.39212   0.51868   0.09117     1.00000     0.05266
 H36C        0.45371   0.58404   0.06774     1.00000     0.05266
 C31         0.45492   0.67234   0.24104     1.00000     0.01482   0.02767   0.03155  -0.00377  -0.00368   0.00311    0.02494
 C37         0.34154   0.52754   0.33239     1.00000     0.02457   0.04511   0.03136   0.00233   0.00174  -0.00756    0.03369
 H37A        0.41265   0.52371   0.36579     1.00000     0.05054
 H37B        0.31857   0.48503   0.31517     1.00000     0.05054
 H37C        0.26790   0.54656   0.35184     1.00000     0.05054
 C38         0.49362   0.74039   0.25536     1.00000     0.03899   0.02492   0.04233  -0.00684   0.00093  -0.00388    0.03551
 H38A        0.52142   0.76037   0.21555     1.00000     0.05326
 H38B        0.56392   0.74111   0.28946     1.00000     0.05326
 H38C        0.42078   0.76408   0.27041     1.00000     0.05326
 C21         0.72148   0.44741   0.16751     1.00000     0.02925   0.02416   0.02757   0.00048  -0.00135   0.01034    0.02716
 C20         0.83882   0.47453   0.19008     1.00000     0.02664   0.02750   0.02625   0.00135   0.00685   0.00578    0.02656
 H20         0.89444   0.49052   0.15939     1.00000     0.03187
 C23         0.67405   0.43019   0.28073     1.00000     0.02406   0.01783   0.03400   0.00389   0.00453   0.00367    0.02518
 C25         0.87525   0.47841   0.25696     1.00000     0.02154   0.02507   0.03766   0.00476  -0.01051   0.00493    0.02870
 C22         0.64156   0.42525   0.21330     1.00000     0.02446   0.01826   0.03459  -0.00035  -0.00290  -0.00150    0.02601
 H22         0.56254   0.40616   0.19871     1.00000     0.03122
 C28         0.68528   0.44380   0.09505     1.00000     0.05870   0.03446   0.02786  -0.01108  -0.00364   0.00426    0.04067
 H28A        0.66025   0.48638   0.07873     1.00000     0.06100
 H28B        0.61367   0.41413   0.08701     1.00000     0.06100
 H28C        0.75841   0.42856   0.07235     1.00000     0.06100
 C27         0.58847   0.40168   0.32904     1.00000     0.04007   0.04636   0.03676   0.00855   0.00751  -0.00170    0.04083
 H27A        0.57275   0.43345   0.36267     1.00000     0.06125
 H27B        0.62982   0.36401   0.34961     1.00000     0.06125
 H27C        0.50719   0.38905   0.30622     1.00000     0.06125
 C24         0.78929   0.45652   0.30162     1.00000     0.03898   0.02307   0.02337   0.00026  -0.00678   0.01112    0.02891
 H24         0.81166   0.46008   0.34719     1.00000     0.03469
 C26         1.00422   0.50548   0.28152     1.00000     0.02767   0.05745   0.05216   0.00998  -0.01135  -0.00116    0.04645
 H26A        1.04188   0.52840   0.24593     1.00000     0.06967
 H26B        1.06083   0.47045   0.29670     1.00000     0.06967
 H26C        0.99305   0.53504   0.31776     1.00000     0.06967
 O1_1a       0.15669   0.20964   0.53000     0.48340     0.02315   0.02219   0.01893   0.00227  -0.00526   0.00515    0.02175
 C1_1a       0.19770   0.14969   0.54413     0.48340     0.02311   0.01933   0.02257   0.00291  -0.00585   0.00520    0.02203
 C2_1a       0.28299   0.12532   0.49123     0.48340     0.03936   0.03109   0.02323   0.00341  -0.00131   0.01347    0.03140
 F1_1a       0.36075   0.07598   0.51260     0.48340     0.03664   0.03565   0.03483   0.00716   0.00383   0.01729    0.03565
 F2_1a       0.35976   0.17194   0.47179     0.48340     0.04109   0.03438   0.03281  -0.00015   0.01321   0.01417    0.03558
 F3_1a       0.21084   0.10407   0.43792     0.48340     0.07243   0.03058   0.03216  -0.01057  -0.01708   0.03014    0.04606
 C3_1a       0.08699   0.10382   0.54930     0.48340     0.02692   0.03316   0.05474   0.01002  -0.00086   0.00109    0.03846
 F4_1a       0.12041   0.04125   0.54428     0.48340     0.03266   0.03244   0.07659   0.01314   0.00589  -0.00254    0.04714
 F5_1a      -0.00475   0.11371   0.49915     0.48340     0.02871   0.04631   0.06699  -0.00018  -0.00756   0.00283    0.04787
 F6_1a       0.03205   0.11173   0.60660     0.48340     0.04342   0.04534   0.06816   0.01912   0.01300   0.00142    0.05187
 C4_1a       0.27883   0.15210   0.60984     0.48340     0.02997   0.02802   0.02149   0.00544  -0.00704   0.00570    0.02692
 F7_1a       0.21744   0.18735   0.65283     0.48340     0.03887   0.04131   0.02281   0.00659  -0.00204   0.00654    0.03454
 F8_1a       0.29781   0.09341   0.63784     0.48340     0.05603   0.03390   0.03278   0.01228  -0.01698   0.00691    0.04188
 F9_1a       0.39537   0.17703   0.60155     0.48340     0.03231   0.03248   0.03649  -0.00522  -0.01212   0.00157    0.03446
 O1_2b       0.14126   0.20641   0.53111     0.51660     0.02315   0.02219   0.01893   0.00227  -0.00526   0.00515    0.02175
 C1_2b       0.18275   0.14688   0.54597     0.51660     0.02311   0.01933   0.02257   0.00291  -0.00585   0.00520    0.02203
 C2_2b       0.19431   0.14073   0.62045     0.51660     0.03539   0.02727   0.02418   0.00626  -0.00603   0.00371    0.02934
 F1_2b       0.24889   0.19304   0.64898     0.51660     0.03421   0.03769   0.02737  -0.00162  -0.00707  -0.00212    0.03354
 F2_2b       0.26855   0.09015   0.64092     0.51660     0.06828   0.04850   0.03951   0.01276  -0.01499   0.02865    0.05301
 F3_2b       0.07781   0.13170   0.64254     0.51660     0.04861   0.03928   0.03614   0.01004   0.00868   0.00702    0.04107
 C3_2b       0.09235   0.09555   0.51689     0.51660     0.02349   0.02815   0.03557  -0.00535  -0.00249   0.00149    0.02929
 F4_2b       0.10724   0.08533   0.45207     0.51660     0.04983   0.03613   0.03726  -0.01219  -0.00496   0.00697    0.04146
 F5_2b      -0.03072   0.11346   0.52123     0.51660     0.01707   0.03098   0.04642  -0.00543   0.00071  -0.00653    0.03157
 F6_2b       0.10626   0.03911   0.54882     0.51660     0.04343   0.02531   0.05668   0.00120  -0.00679  -0.00388    0.04231
 C4_2b       0.31544   0.13699   0.51960     0.51660     0.02908   0.02511   0.04335   0.00882   0.00305   0.00556    0.03249
 F7_2b       0.31889   0.15687   0.45688     0.51660     0.03583   0.03737   0.04032   0.00961   0.01410   0.00673    0.03729
 F8_2b       0.34921   0.07347   0.51944     0.51660     0.03106   0.02965   0.05797   0.00796   0.00788   0.01227    0.03933
 F9_2b       0.40745   0.16844   0.55651     0.51660     0.02708   0.03805   0.08282  -0.00281  -0.00569   0.00280    0.04978
 O1_3a       0.08180   0.23541   0.39996     0.55590     0.02269
 C1_3a       0.03337   0.23254   0.33725     0.55590     0.02263
 C2_3a       0.14612   0.23004   0.29348     0.55590     0.07563
 F1_3a       0.11354   0.20746   0.23322     0.55590     0.04423
 F2_3a       0.24556   0.20061   0.31803     0.55590     0.04443
 F3_3a       0.17738   0.29846   0.29089     0.55590     0.06590
 C3_3a      -0.04701   0.28979   0.31714     0.55590     0.06657
 F4_3a      -0.01552   0.34285   0.34853     0.55590     0.04231
 F5_3a      -0.06401   0.30053   0.25353     0.55590     0.03919
 F6_3a      -0.17440   0.26933   0.34082     0.55590     0.06549
 C4_3a      -0.04281   0.17094   0.32570     0.55590     0.06900
 F7_3a      -0.11153   0.15614   0.37418     0.55590     0.04207
 F8_3a      -0.12058   0.17278   0.27032     0.55590     0.05058
 F9_3a       0.05884   0.12280   0.31948     0.55590     0.06663
 C1_4c       0.11480   0.38612   0.28843     0.44410     0.04000
 C2_4c       0.22677   0.41202   0.26974     0.44410     0.04000
 C3_4c       0.32971   0.37179   0.25587     0.44410     0.04000
 C4_4c       0.31856   0.30650   0.26097     0.44410     0.04000
 C4A_4c      0.20426   0.27818   0.28015     0.44410     0.04000
 C5_4c       0.18954   0.21094   0.28590     0.44410     0.04000
 C6_4c       0.07758   0.18505   0.30459     0.44410     0.04000
 C7_4c      -0.02536   0.22528   0.31846     0.44410     0.04000
 C8_4c      -0.01421   0.29057   0.31336     0.44410     0.04000
 C8A_4c      0.10009   0.31889   0.29418     0.44410     0.04000


 Final Structure Factor Calculation for  p21c in P2(1)/c                                                            

 Total number of l.s. parameters =   754  Maximum vector length =  623   Memory required =     7071 /    30527

 wR2 = 0.4223 before cycle   1 for   10786 data and      0 /    754 parameters


 Disagreeable restraints before cycle    1

   Observed   Target    Error     Sigma     Restraint

                        0.2342    0.0200    SAME/SADI C3_3a F6_3a C2_3a F2_3a  etc.
                        0.1822    0.0400    SAME/SADI F8_3a F9_3a F1 F2  etc.
                       -0.0364    0.0108    RIGU yz F2_1a F3_1a


 Summary of restraints applied in cycle    1

               ANTIBUMP  DFIX    DANG SAME/SADI CHIV/Z CHIV/NZ   FLAT    DELU    RIGU    SIMU    ISOR    SUMP

       Number       0       0       0    1520       0       0       0       0     222     180       0       0

 rms sigma      0.0000  0.0000  0.0000  0.0323  0.0000  0.0000  0.0000  0.0000  0.0098  0.0687  0.0000  0.0000

 rms deviation  0.0000  0.0000  0.0000  0.0610  0.0000  0.0000  0.0000  0.0000  0.0083  0.0126  0.0000  0.0000


 GooF = S =     4.410;     Restrained GooF =      5.389 for    1922 restraints

 Weight = 1 / [ sigma^2(Fo^2) + ( 0.0494 * P )^2 +   0.39 * P ]   where  P = ( Max ( Fo^2, 0 ) + 2 * Fc^2 ) / 3

 R1 =  0.1557 for    7085 Fo > 4sig(Fo)  and  0.1995 for all   10786 data
 wR2 =  0.4223,  GooF = S =   4.410,  Restrained GooF =    5.389  for all data

 Occupancy sum of asymmetric unit =    74.22 for non-hydrogen and    24.00 for H and D atoms



 Principal mean square atomic displacements U

   0.0272   0.0244   0.0201   Ga1  
   0.0191   0.0171   0.0101   Al1  
   0.0253   0.0223   0.0126   O1  
   0.0259   0.0181   0.0132   O2  
   0.0425   0.0396   0.0121   F10  
   0.0507   0.0323   0.0159   F11  
   0.0433   0.0282   0.0170   F12  
   0.0525   0.0387   0.0176   F13  
   0.0533   0.0317   0.0155   F14  
   0.0683   0.0298   0.0152   F15  
   0.0468   0.0337   0.0168   F16  
   0.0474   0.0370   0.0210   F17  
   0.0555   0.0289   0.0181   F18  
   0.0234   0.0180   0.0126   C5  
   0.0329   0.0272   0.0207   C6  
   0.0416   0.0230   0.0178   C7  
   0.0380   0.0246   0.0186   C8  
   0.0273   0.0233   0.0109   C1  
   0.0337   0.0279   0.0186   C2  
   0.0432   0.0397   0.0207   F1  
   0.0551   0.0272   0.0179   F2  
   0.0527   0.0437   0.0157   F3  
   0.0316   0.0264   0.0174   C3  
   0.0497   0.0415   0.0167   F4  
   0.0421   0.0333   0.0214   F5  
   0.0494   0.0340   0.0204   F6  
   0.0382   0.0347   0.0152   C4  
   0.0534   0.0402   0.0141   F7  
   0.0680   0.0355   0.0110   F8  
   0.0592   0.0349   0.0180   F9  
   0.0341   0.0236   0.0183   C34  
   0.0339   0.0228   0.0122   C33  
   0.0402   0.0193   0.0155   C32  
   0.0309   0.0238   0.0116   C35  
   0.0276   0.0235   0.0147   C30  
   0.0539   0.0314   0.0201   C36  
   0.0361   0.0254   0.0133   C31  
   0.0480   0.0310   0.0220   C37  
   0.0449   0.0400   0.0217   C38  
   0.0382   0.0275   0.0157   C21  
   0.0348   0.0255   0.0194   C20  
   0.0356   0.0241   0.0159   C23  
   0.0457   0.0281   0.0122   C25  
   0.0371   0.0232   0.0178   C22  
   0.0625   0.0399   0.0195   C28  
   0.0514   0.0421   0.0290   C27  
   0.0481   0.0235   0.0151   C24  
   0.0685   0.0490   0.0219   C26  
   0.0299   0.0232   0.0121   O1_1a  
   0.0312   0.0231   0.0118   C1_1a  
   0.0495   0.0270   0.0178   C2_1a  
   0.0547   0.0341   0.0181   F1_1a  
   0.0548   0.0335   0.0184   F2_1a  
   0.0986   0.0248   0.0147   F3_1a  
   0.0593   0.0304   0.0257   C3_1a  
   0.0802   0.0345   0.0267   F4_1a  
   0.0708   0.0466   0.0261   F5_1a  
   0.0803   0.0427   0.0326   F6_1a  
   0.0368   0.0311   0.0129   C4_1a  
   0.0469   0.0375   0.0192   F7_1a  
   0.0693   0.0430   0.0134   F8_1a  
   0.0517   0.0315   0.0202   F9_1a  
   0.0299   0.0232   0.0121   O1_2b  
   0.0312   0.0231   0.0118   C1_2b  
   0.0403   0.0317   0.0160   C2_2b  
   0.0416   0.0379   0.0212   F1_2b  
   0.0911   0.0548   0.0132   F2_2b  
   0.0566   0.0391   0.0275   F3_2b  
   0.0402   0.0255   0.0222   C3_2b  
   0.0610   0.0389   0.0245   F4_2b  
   0.0482   0.0322   0.0143   F5_2b  
   0.0634   0.0390   0.0245   F6_2b  
   0.0471   0.0310   0.0193   C4_2b  
   0.0558   0.0306   0.0255   F7_2b  
   0.0616   0.0384   0.0180   F8_2b  
   0.0855   0.0383   0.0256   F9_2b  

     0  atoms may be split and     0  atoms NPD



 Analysis of variance for reflections employed in refinement      K = Mean[Fo^2] / Mean[Fc^2]  for group


 Fc/Fc(max)       0.000    0.010    0.018    0.027    0.037    0.048    0.061    0.079    0.103    0.149    1.000

 Number in group      1189.    1020.    1055.    1130.    1055.    1034.    1113.    1035.    1071.    1084.

            GooF      2.328    2.354    3.221    3.676    4.206    4.681    5.331    5.066    6.097    5.489

             K        4.929    1.445    1.289    1.227    1.116    1.117    1.095    1.086    1.115    1.091


 Resolution(A)    0.75     0.79     0.82     0.85     0.90     0.96     1.03     1.13     1.30     1.63     inf

 Number in group      1104.    1053.    1088.    1077.    1095.    1049.    1095.    1071.    1066.    1088.

            GooF      1.152    1.288    1.393    1.832    2.374    3.182    4.018    4.939    5.840    9.796

             K        1.010    1.033    1.030    1.036    1.070    1.086    1.079    1.102    1.109    1.119

             R1       0.280    0.256    0.211    0.204    0.184    0.187    0.195    0.172    0.153    0.179


 Recommended weighting scheme:  WGHT      0.2000      0.0000
 Note that in most cases convergence will be faster if fixed weights (e.g. the
 default WGHT 0.1) are retained until the refinement is virtually complete, and
 only then should the above recommended values be used.



 Most Disagreeable Reflections (* if suppressed or used for Rfree).
 Error/esd is calculated as sqrt(wD^2/<wD^2>) where w is given by the weight
 formula, D = Fo^2-Fc^2 and <> refers to the average over all reflections.

     h   k   l          Fo^2          Fc^2    Error/esd  Fc/Fc(max)  Resolution(A)

    -1   1   2       9813.97        640.42       9.62       0.064       7.14
    -2   4   3       1199.35         63.83       7.77       0.020       3.32
     0   6   2       3052.61        464.78       7.38       0.054       3.30
     0   2   1      12814.87       2671.76       6.98       0.130       9.31
     0   1   2          4.20       5087.45       6.97       0.179       9.19
    -2   1  10       2624.22        268.40       6.79       0.041       1.95
     0   5   4       1132.17         71.76       6.26       0.021       3.24
     0   0   6       5325.65        885.81       6.22       0.075       3.41
     2   2   6       1201.83          3.78       6.19       0.005       2.68
    -2   4   1        822.01          3.74       6.15       0.005       3.67
     3   5   8       5640.76       1188.53       5.99       0.087       1.80
    -1   4  11       1555.47         61.47       5.96       0.020       1.75
     3   5   7         60.96       1672.67       5.91       0.103       1.92
     2   0   4      10103.98       2416.71       5.81       0.124       3.53
     1   0  10       1577.94      11698.61       5.63       0.272       1.98
     0   8   4       2751.84        687.14       5.62       0.066       2.33
    -1   0   4       3316.76        846.58       5.59       0.073       4.73
     2   2  12       6778.75       1749.76       5.47       0.105       1.57
     2   2   1        738.98          9.51       5.45       0.008       4.50
    -5   2   1         18.57        873.38       5.44       0.074       2.06
     1   1  10       8593.81       2437.70       5.40       0.124       1.97
     2  10   4       2088.11        331.63       5.34       0.046       1.80
    -4   1   4       1421.54        123.41       5.31       0.028       2.39
    -2   2   6        567.83          8.54       5.28       0.007       2.84
    -1   5   2       1397.42        357.06       5.27       0.047       3.66
     4   0   2       1823.25        119.49       5.27       0.027       2.50
     4   5   0       7496.31       2344.45       5.26       0.122       2.22
     2   4   4       1560.65        343.58       5.22       0.047       2.93
     5   2   1        341.90       2364.19       5.19       0.122       2.03
     3   4   6       7928.71       2450.31       5.18       0.124       2.15
     2  10   6       3548.80        947.43       5.17       0.077       1.67
     2   8   3       1111.50        114.50       5.15       0.027       2.19
     2   3   2       3078.85        942.50       5.09       0.077       3.80
     0   1   8       6889.44       2142.71       5.09       0.116       2.54
     1   9   1       8572.43       2717.64       5.08       0.131       2.25
     1   0  14         44.79       1474.18       5.06       0.096       1.43
    -1   3   5         58.16        740.46       5.01       0.068       3.41
     0   1  10       2443.83        520.92       5.00       0.057       2.04
    -2   2   3        127.58        946.21       4.96       0.077       3.98
    -3   0   4        541.97       2813.82       4.95       0.133       2.99
     0   9   3       1923.24        523.95       4.95       0.058       2.20
    -3   6   4        548.21         34.99       4.94       0.015       2.27
    -1   5   6       2591.65        636.29       4.94       0.063       2.60
     1   0   0      46125.85      11968.46       4.94       0.275      10.48
     4   7   0       2259.09        605.55       4.94       0.062       1.97
    -4  15   5       1725.85        283.50       4.94       0.042       1.19
    -3   6   5        861.20         35.57       4.94       0.015       2.16
     1   1   5        632.43         53.81       4.93       0.018       3.66
    -2   5   5       1379.16        318.01       4.91       0.045       2.61
     0   4   1         -7.98        332.97       4.87       0.046       5.06



 Bond lengths and angles

 Al1 -       Distance       Angles
 O1_3a     1.7171          
 O1_2b     1.7176           108.29       
 O1        1.7265           113.38        110.46       
 O2        1.7328           107.35        110.61        106.72       
 O1_1a     1.7383           107.03          5.89        106.32        116.26       
               Al1 -         O1_3a         O1_2b         O1            O2           

 O1 -        Distance       Angles
 C1        1.3623          
 Al1       1.7265           146.89       
               O1 -          C1           

 O2 -        Distance       Angles
 C5        1.3283          
 Al1       1.7328           144.84       
               O2 -          C5           

 F10 -       Distance       Angles
 C6        1.3447          
               F10 -        

 F11 -       Distance       Angles
 C6        1.3329          
               F11 -        

 F12 -       Distance       Angles
 C6        1.3264          
               F12 -        

 F13 -       Distance       Angles
 C7        1.3358          
               F13 -        

 F14 -       Distance       Angles
 C7        1.3425          
               F14 -        

 F15 -       Distance       Angles
 C7        1.3191          
               F15 -        

 F16 -       Distance       Angles
 C8        1.3371          
               F16 -        

 F17 -       Distance       Angles
 C8        1.3251          
               F17 -        

 F18 -       Distance       Angles
 C8        1.3272          
               F18 -        

 C5 -        Distance       Angles
 O2        1.3283          
 C6        1.5540           108.61       
 C8        1.5680           111.62        109.31       
 C7        1.5729           111.41        107.94        107.87       
               C5 -          O2            C6            C8           

 C6 -        Distance       Angles
 F12       1.3264          
 F11       1.3329           108.00       
 F10       1.3447           107.92        107.40       
 C5        1.5540           110.92        113.08        109.34       
               C6 -          F12           F11           F10          

 C7 -        Distance       Angles
 F15       1.3191          
 F13       1.3358           107.82       
 F14       1.3425           108.33        106.98       
 C5        1.5729           113.60        110.61        109.26       
               C7 -          F15           F13           F14          

 C8 -        Distance       Angles
 F17       1.3251          
 F18       1.3272           107.50       
 F16       1.3371           108.14        107.80       
 C5        1.5680           109.89        111.43        111.91       
               C8 -          F17           F18           F16          

 C1 -        Distance       Angles
 O1        1.3623          
 C3        1.5264           108.18       
 C2        1.5318           110.84        108.95       
 C4        1.5415           109.81        108.84        110.16       
               C1 -          O1            C3            C2           

 C2 -        Distance       Angles
 F2        1.3362          
 F1        1.3370           106.31       
 F3        1.3494           106.51        106.79       
 C1        1.5318           111.92        112.25        112.62       
               C2 -          F2            F1            F3           

 F1 -        Distance       Angles
 C2        1.3370          
               F1 -         

 F2 -        Distance       Angles
 C2        1.3362          
               F2 -         

 F3 -        Distance       Angles
 C2        1.3494          
               F3 -         

 C3 -        Distance       Angles
 F6        1.3347          
 F5        1.3414           107.20       
 F4        1.3435           107.03        106.88       
 C1        1.5264           112.95        111.28        111.18       
               C3 -          F6            F5            F4           

 F4 -        Distance       Angles
 C3        1.3435          
               F4 -         

 F5 -        Distance       Angles
 C3        1.3414          
               F5 -         

 F6 -        Distance       Angles
 C3        1.3347          
               F6 -         

 C4 -        Distance       Angles
 F9        1.3208          
 F7        1.3438           107.10       
 F8        1.3516           106.84        106.49       
 C1        1.5415           111.76        112.98        111.31       
               C4 -          F9            F7            F8           

 F7 -        Distance       Angles
 C4        1.3438          
               F7 -         

 F8 -        Distance       Angles
 C4        1.3516          
               F8 -         

 F9 -        Distance       Angles
 C4        1.3208          
               F9 -         

 C34 -       Distance       Angles
 C33       1.3768          
 C35       1.4099           121.98       
 H34       0.9500           119.01        119.01       
               C34 -         C33           C35          

 C33 -       Distance       Angles
 C34       1.3768          
 C32       1.3853           118.67       
 C37       1.5097           120.89        120.42       
               C33 -         C34           C32          

 C32 -       Distance       Angles
 C31       1.3802          
 C33       1.3853           122.13       
 H32       0.9500           118.94        118.94       
               C32 -         C31           C33          

 C35 -       Distance       Angles
 C30       1.3927          
 C34       1.4099           117.50       
 C36       1.4919           120.70        121.80       
               C35 -         C30           C34          

 C30 -       Distance       Angles
 C35       1.3927          
 C31       1.4091           121.51       
 H30       0.9500           119.25        119.25       
               C30 -         C35           C31          

 C36 -       Distance       Angles
 C35       1.4919          
 H36A      0.9800           109.47       
 H36B      0.9800           109.47        109.47       
 H36C      0.9800           109.47        109.47        109.47       
               C36 -         C35           H36A          H36B         

 C31 -       Distance       Angles
 C32       1.3802          
 C30       1.4091           118.13       
 C38       1.5026           121.41        120.44       
               C31 -         C32           C30          

 C37 -       Distance       Angles
 C33       1.5097          
 H37A      0.9800           109.47       
 H37B      0.9800           109.47        109.47       
 H37C      0.9800           109.47        109.47        109.47       
               C37 -         C33           H37A          H37B         

 C38 -       Distance       Angles
 C31       1.5026          
 H38A      0.9800           109.47       
 H38B      0.9800           109.47        109.47       
 H38C      0.9800           109.47        109.47        109.47       
               C38 -         C31           H38A          H38B         

 C21 -       Distance       Angles
 C22       1.3840          
 C20       1.4049           118.20       
 C28       1.5089           121.95        119.85       
               C21 -         C22           C20          

 C20 -       Distance       Angles
 C25       1.3994          
 C21       1.4049           121.20       
 H20       0.9500           119.40        119.40       
               C20 -         C25           C21          

 C23 -       Distance       Angles
 C24       1.3704          
 C22       1.4040           118.96       
 C27       1.5080           120.58        120.24       
               C23 -         C24           C22          

 C25 -       Distance       Angles
 C20       1.3994          
 C24       1.4083           118.39       
 C26       1.5206           121.38        120.24       
               C25 -         C20           C24          

 C22 -       Distance       Angles
 C21       1.3840          
 C23       1.4040           121.81       
 H22       0.9500           119.09        119.09       
               C22 -         C21           C23          

 C28 -       Distance       Angles
 C21       1.5089          
 H28A      0.9800           109.47       
 H28B      0.9800           109.47        109.47       
 H28C      0.9800           109.47        109.47        109.47       
               C28 -         C21           H28A          H28B         

 C27 -       Distance       Angles
 C23       1.5080          
 H27A      0.9800           109.47       
 H27B      0.9800           109.47        109.47       
 H27C      0.9800           109.47        109.47        109.47       
               C27 -         C23           H27A          H27B         

 C24 -       Distance       Angles
 C23       1.3704          
 C25       1.4083           121.39       
 H24       0.9500           119.30        119.30       
               C24 -         C23           C25          

 C26 -       Distance       Angles
 C25       1.5206          
 H26A      0.9800           109.47       
 H26B      0.9800           109.47        109.47       
 H26C      0.9800           109.47        109.47        109.47       
               C26 -         C25           H26A          H26B         

 O1_1a -     Distance       Angles
 C1_1a     1.3500          
 Al1       1.7383           148.19       
               O1_1a -       C1_1a        

 C1_1a -     Distance       Angles
 O1_1a     1.3500          
 C3_1a     1.5170           111.54       
 C2_1a     1.5427           110.38        109.13       
 C4_1a     1.5427           107.75        109.76        108.21       
               C1_1a -       O1_1a         C3_1a         C2_1a        

 C2_1a -     Distance       Angles
 F2_1a     1.3439          
 F3_1a     1.3594           108.08       
 F1_1a     1.3681           106.52        107.28       
 C1_1a     1.5427           111.15        110.78        112.80       
               C2_1a -       F2_1a         F3_1a         F1_1a        

 F1_1a -     Distance       Angles
 C2_1a     1.3681          
               F1_1a -      

 F2_1a -     Distance       Angles
 C2_1a     1.3439          
               F2_1a -      

 F3_1a -     Distance       Angles
 C2_1a     1.3594          
               F3_1a -      

 C3_1a -     Distance       Angles
 F6_1a     1.3561          
 F4_1a     1.3602           108.12       
 F5_1a     1.3736           108.10        105.03       
 C1_1a     1.5170           111.10        113.51        110.67       
               C3_1a -       F6_1a         F4_1a         F5_1a        

 F4_1a -     Distance       Angles
 C3_1a     1.3602          
               F4_1a -      

 F5_1a -     Distance       Angles
 C3_1a     1.3736          
               F5_1a -      

 F6_1a -     Distance       Angles
 C3_1a     1.3561          
               F6_1a -      

 C4_1a -     Distance       Angles
 F7_1a     1.3484          
 F9_1a     1.3528           110.59       
 F8_1a     1.3630           106.20        107.06       
 C1_1a     1.5427           109.18        110.56        113.17       
               C4_1a -       F7_1a         F9_1a         F8_1a        

 F7_1a -     Distance       Angles
 C4_1a     1.3484          
               F7_1a -      

 F8_1a -     Distance       Angles
 C4_1a     1.3630          
               F8_1a -      

 F9_1a -     Distance       Angles
 C4_1a     1.3528          
               F9_1a -      

 O1_2b -     Distance       Angles
 C1_2b     1.3462          
 Al1       1.7176           151.25       
               O1_2b -       C1_2b        

 C1_2b -     Distance       Angles
 O1_2b     1.3462          
 C3_2b     1.5257           112.29       
 C2_2b     1.5288           107.77        109.50       
 C4_2b     1.5454           109.27        108.73        109.24       
               C1_2b -       O1_2b         C3_2b         C2_2b        

 C2_2b -     Distance       Angles
 F1_2b     1.3486          
 F3_2b     1.3490           109.61       
 F2_2b     1.3621           106.23        107.54       
 C1_2b     1.5288           111.47        109.79        112.07       
               C2_2b -       F1_2b         F3_2b         F2_2b        

 F1_2b -     Distance       Angles
 C2_2b     1.3486          
               F1_2b -      

 F2_2b -     Distance       Angles
 C2_2b     1.3621          
               F2_2b -      

 F3_2b -     Distance       Angles
 C2_2b     1.3490          
               F3_2b -      

 C3_2b -     Distance       Angles
 F6_2b     1.3521          
 F5_2b     1.3555           106.24       
 F4_2b     1.3665           108.58        106.48       
 C1_2b     1.5257           112.45        110.49        112.25       
               C3_2b -       F6_2b         F5_2b         F4_2b        

 F4_2b -     Distance       Angles
 C3_2b     1.3665          
               F4_2b -      

 F5_2b -     Distance       Angles
 C3_2b     1.3555          
               F5_2b -      

 F6_2b -     Distance       Angles
 C3_2b     1.3521          
               F6_2b -      

 C4_2b -     Distance       Angles
 F7_2b     1.3545          
 F9_2b     1.3545           108.35       
 F8_2b     1.3744           105.64        107.22       
 C1_2b     1.5454           112.20        111.42        111.70       
               C4_2b -       F7_2b         F9_2b         F8_2b        

 F7_2b -     Distance       Angles
 C4_2b     1.3545          
               F7_2b -      

 F8_2b -     Distance       Angles
 C4_2b     1.3744          
               F8_2b -      

 F9_2b -     Distance       Angles
 C4_2b     1.3545          
               F9_2b -      

 O1_3a -     Distance       Angles
 C1_3a     1.3499          
 Al1       1.7171           148.20       
               O1_3a -       C1_3a        

 C1_3a -     Distance       Angles
 O1_3a     1.3499          
 C3_3a     1.5052           113.03       
 C4_3a     1.5257           110.06        110.53       
 C2_3a     1.5379           107.70        107.93        107.37       
               C1_3a -       O1_3a         C3_3a         C4_3a        

 C2_3a -     Distance       Angles
 F2_3a     1.2838          
 F1_3a     1.3441           109.78       
 F3_3a     1.4691           107.63        110.58       
 C1_3a     1.5379           115.27        113.11         99.89       
               C2_3a -       F2_3a         F1_3a         F3_3a        

 F1_3a -     Distance       Angles
 C2_3a     1.3441          
               F1_3a -      

 F2_3a -     Distance       Angles
 C2_3a     1.2838          
               F2_3a -      

 F3_3a -     Distance       Angles
 C2_3a     1.4691          
               F3_3a -      

 C3_3a -     Distance       Angles
 F4_3a     1.3127          
 F5_3a     1.3230           110.58       
 C1_3a     1.5052           114.89        115.99       
 F6_3a     1.5180           106.15        107.67        100.30       
               C3_3a -       F4_3a         F5_3a         C1_3a        

 F4_3a -     Distance       Angles
 C3_3a     1.3127          
               F4_3a -      

 F5_3a -     Distance       Angles
 C3_3a     1.3230          
               F5_3a -      

 F6_3a -     Distance       Angles
 C3_3a     1.5180          
               F6_3a -      

 C4_3a -     Distance       Angles
 F7_3a     1.3073          
 F8_3a     1.3512           108.19       
 F9_3a     1.4796           110.27        110.10       
 C1_3a     1.5257           113.21        112.65        102.31       
               C4_3a -       F7_3a         F8_3a         F9_3a        

 F7_3a -     Distance       Angles
 C4_3a     1.3073          
               F7_3a -      

 F8_3a -     Distance       Angles
 C4_3a     1.3512          
               F8_3a -      

 F9_3a -     Distance       Angles
 C4_3a     1.4796          
               F9_3a -      

 C1_4c -     Distance       Angles
 C2_4c     1.3745          
 C8A_4c    1.4198           120.90       
               C1_4c -       C2_4c        

 C2_4c -     Distance       Angles
 C1_4c     1.3745          
 C3_4c     1.4151           120.28       
               C2_4c -       C1_4c        

 C3_4c -     Distance       Angles
 C4_4c     1.3745          
 C2_4c     1.4151           120.28       
               C3_4c -       C4_4c        

 C4_4c -     Distance       Angles
 C3_4c     1.3745          
 C4A_4c    1.4198           120.90       
               C4_4c -       C3_4c        

 C4A_4c -    Distance       Angles
 C5_4c     1.4198          
 C4_4c     1.4198           122.35       
 C8A_4c    1.4320           118.83        118.83       
               C4A_4c -      C5_4c         C4_4c        

 C5_4c -     Distance       Angles
 C6_4c     1.3745          
 C4A_4c    1.4198           120.90       
               C5_4c -       C6_4c        

 C6_4c -     Distance       Angles
 C5_4c     1.3745          
 C7_4c     1.4151           120.28       
               C6_4c -       C5_4c        

 C7_4c -     Distance       Angles
 C8_4c     1.3745          
 C6_4c     1.4151           120.28       
               C7_4c -       C8_4c        

 C8_4c -     Distance       Angles
 C7_4c     1.3745          
 C8A_4c    1.4198           120.90       
               C8_4c -       C7_4c        

 C8A_4c -    Distance       Angles
 C8_4c     1.4198          
 C1_4c     1.4198           122.35       
 C4A_4c    1.4320           118.83        118.83       
               C8A_4c -      C8_4c         C1_4c        


 FMAP and GRID set by program

 FMAP   2   3  89
 GRID    -1.163  -1  24     1.163   1   1

 R1 =  0.1957 for  10786 unique reflections after merging for Fourier


 Residue reliability criteria (solvent and other residues)

 Residue    Mean(DD) Min(DD) Max(Peak)  Mean(U)   Max(U) Mean(Anis) Min(Anis) Max(SIMU)  Max(BUMP)  Sum(occ)  N(ats)

 Cf3_1        0.08    -0.20     0.64     0.037     0.052     0.346     0.149     0.033     0.000     6.768     14.
 Cf3_2        0.12    -0.36     0.51     0.036     0.053     0.387     0.145     0.039     0.000     7.232     14.
 Cf3_3        3.33     0.21     5.64     0.051     0.076     1.000     1.000     0.053     0.000     7.783     14.
 Naph_4      -2.00    -3.11     3.07     0.040     0.040     1.000     1.000     0.000     0.000     4.441     10.


 Electron density synthesis with coefficients Fo-Fc

 Highest peak    5.64  at  0.0807  0.2660  0.8993  [  0.03 A from O1_3 ]
 Deepest hole   -3.12  at  0.3304  0.3725  0.2561  [  0.02 A from C3_4 ]

 Mean =    0.00,   Rms deviation from mean =    0.31,   Highest memory used =     7848 /   115121


 Fourier peaks appended to .res file

              x       y       z       sof     U      Peak   Distances to nearest atoms (including eq.)

 Q1    1  -0.1960  0.2402  0.3478   1.00000  0.05    4.92   0.67 F6_3  1.96 C7_4  2.02 C3_3  2.02 F7_3
 Q2    1   0.1166  0.1325  0.3108   1.00000  0.05    4.55   0.68 F9_3  1.18 C6_4  1.90 C5_4  1.90 C4_3
 Q3    1  -0.1646  0.2873  0.3382   1.00000  0.05    3.62   0.39 F6_3  1.34 C3_3  1.70 C8_4  1.95 F4_3
 Q4    1   0.0267  0.1151  0.3285   1.00000  0.05    3.18   0.43 F9_3  1.38 C4_3  1.64 C6_4  1.98 F7_3
 Q5    1   0.1364  0.3303  0.2938   1.00000  0.05    3.07   0.45 C8A_4  0.80 F3_3  1.19 C1_4  1.34 C4A_4
 Q6    1  -0.1062  0.2039  0.3322   1.00000  0.05    2.98   0.97 C4_3  1.02 C7_4  1.32 F7_3  1.42 F8_3
 Q7    1   0.1284  0.1933  0.2946   1.00000  0.05    2.45   0.61 C6_4  0.77 C5_4  0.79 C2_3  1.29 F1_3
 Q8    1   0.0272  0.3086  0.3066   1.00000  0.05    2.31   0.60 C8_4  0.85 C8A_4  0.91 C3_3  1.23 F4_3
 Q9    1   0.2165  0.2901  0.2967   1.00000  0.05    1.87   0.43 C4A_4  0.45 F3_3  1.36 C8A_4  1.39 C4_4
 Q10   1  -0.0761  0.2866  0.3190   1.00000  0.05    1.14   0.32 C3_3  0.67 C8_4  1.21 F6_3  1.39 F5_3
 Q11   1  -0.1815  0.2994  0.3965   1.00000  0.05    0.63   1.31 F6_3  2.10 F17  2.19 O2  2.24 C3_3
 Q12   1   0.4945  0.7297  0.1383   1.00000  0.05    0.62   1.15 H30  1.71 H38A  1.94 C30  2.39 F10
 Q13   1   0.1769  0.4596  0.4918   1.00000  0.05    0.53   0.32 C3  1.19 F6  1.27 F5  1.32 F4
 Q14   1   0.8402  0.5415  0.1769   1.00000  0.05    0.51   1.27 H20  1.43 C20  2.00 F9_3  2.12 C25
 Q15   1   0.0309  0.1330  0.6243   1.00000  0.05    0.51   0.57 F6_1  0.60 F3_2  1.73 C2_2  1.79 C3_1
 Q16   1   0.3524  0.3490  0.4603   1.00000  0.05    0.51   0.37 C2  1.12 F2  1.20 F3  1.57 F1
 Q17   1  -0.0478  0.0877  0.3078   1.00000  0.05    0.51   1.35 F9_3  1.66 H26A  1.78 C4_3  2.06 F8_3
 Q18   1   0.2080  0.4092  0.5154   1.00000  0.05    0.51   0.76 C1  0.91 C3  1.63 C4  1.65 F5
 Q19   1   0.1109  0.1225  0.6552   1.00000  0.05    0.51   0.46 F3_2  1.23 C2_2  1.27 F6_1  1.76 F7_1
 Q20   1   0.0949  0.2598  0.4857   1.00000  0.05    0.51   0.34 AL1  1.50 O1_1  1.51 O1_2  1.64 O1

 Shortest distances between peaks (including symmetry equivalents)

      3  10  1.04      4  17  1.04     15  19  1.04      1   3  1.06      2   4  1.10      5   9  1.19     13  18  1.19
      8  10  1.22      3  11  1.25      1   6  1.27      5   8  1.28      2   7  1.32      1  11  1.59      1  10  1.73
      6  10  1.78      3   6  1.85      2  17  1.96      2  14  1.97     10  11  2.02      8   9  2.05      4  14  2.09
      4   7  2.10      3   8  2.21      7   9  2.22     16  18  2.33      4   6  2.33     14  17  2.39      5  10  2.50
      6  11  2.55      6  17  2.56      6   7  2.65      7   8  2.65      6   8  2.67      2   6  2.84      5   7  2.87
      7  17  2.91      1   8  2.92      8  11  2.97      7  10  2.97


 Time profile in seconds
 -----------------------

      0.03: Read and process instructions
      0.00: Fit rigid groups
      0.01: Interpret restraints etc.
      0.00: Generate connectivity array
      0.00: Analyse DFIX and DANG restraints
      0.00: Analyse SAME and SADI restraints
      0.00: Generate CHIV restraints
      0.00: Check if bonds in residues restrained
      0.00: Generate DELU and RIGU restraints
      0.00: Generate SIMU restraints
      0.00: Generate ISOR restraints
      0.00: Generate NCSY restraints
      0.00: Analyse other restraints etc.
      0.30: Read intensity data, sort/merge etc.
      0.00: Set up constraints
      0.00: OSF, H-atoms from difference map
      0.02: Set up l.s. refinement
      0.00: Generate idealized H-atoms
      0.13: Structure factors and derivatives
      0.00: Sum l.s. matrices
      0.00: Generate and apply antibumping restraints
      0.00: Apply other restraints
      0.00: Solve l.s. equations
      0.00: Generate HTAB table
      0.01: Other dependent quantities, CIF, tables
      0.11: Analysis of variance
      0.20: Merge reflections for Fourier and .fcf
      0.03: Fourier summations
      0.12: Peaksearch
      0.02: Analyse peaklist

 ** WARNING: These times are only approximate for multiple threads.
             To get better estimates run with -t1 **

 +++++++++++++++++++++++++++++++++++++++++++++++++++++++++++++++++++++++++++++
 +  p21c          finished at 21:57:14   Total elapsed time:      0.98 secs  +
 +++++++++++++++++++++++++++++++++++++++++++++++++++++++++++++++++++++++++++++
